-------------------------------------------------------------------------------
Test set: TestSuite
-------------------------------------------------------------------------------
Tests run: 1, Failures: 1, Errors: 0, Skipped: 0, Time elapsed: 12.969 s <<< FAILURE! - in TestSuite
filmsPage(com.starwars.testcases.HomePageTest)  Time elapsed: 3.745 s  <<< FAILURE!
java.lang.AssertionError: expected [11] but found [12]
	at com.starwars.testcases.HomePageTest.filmsPage(HomePageTest.java:109)

